  源.cpp
D:\Study University\Grade_3\3_fall\编译原理\Lab\Decaf\Lexer.h(234,36): warning C4290: 忽略 C++ 异常规范，但指示函数不是 __declspec(nothrow)
D:\Study University\Grade_3\3_fall\编译原理\Lab\Decaf\Lexer.h(263,41): warning C4290: 忽略 C++ 异常规范，但指示函数不是 __declspec(nothrow)
D:\Study University\Grade_3\3_fall\编译原理\Lab\Decaf\Lexer.h(270,36): warning C4290: 忽略 C++ 异常规范，但指示函数不是 __declspec(nothrow)
D:\Study University\Grade_3\3_fall\编译原理\Lab\Decaf\Lexer.h(324,21): warning C4244: “初始化”: 从“int”转换到“float”，可能丢失数据
D:\Study University\Grade_3\3_fall\编译原理\Lab\Decaf\Lexer.h(379,66): warning C4290: 忽略 C++ 异常规范，但指示函数不是 __declspec(nothrow)
D:\Study University\Grade_3\3_fall\编译原理\Lab\Decaf\Lexer.h(381,14): warning C4101: “c”: 未引用的局部变量
D:\Study University\Grade_3\3_fall\编译原理\Lab\Decaf\parser.h(13,17): warning C4290: 忽略 C++ 异常规范，但指示函数不是 __declspec(nothrow)
D:\Study University\Grade_3\3_fall\编译原理\Lab\Decaf\parser.h(16,30): warning C4290: 忽略 C++ 异常规范，但指示函数不是 __declspec(nothrow)
D:\Study University\Grade_3\3_fall\编译原理\Lab\Decaf\parser.h(21,34): warning C4290: 忽略 C++ 异常规范，但指示函数不是 __declspec(nothrow)
D:\Study University\Grade_3\3_fall\编译原理\Lab\Decaf\parser.h(28,36): warning C4290: 忽略 C++ 异常规范，但指示函数不是 __declspec(nothrow)
D:\Study University\Grade_3\3_fall\编译原理\Lab\Decaf\parser.h(33,33): warning C4290: 忽略 C++ 异常规范，但指示函数不是 __declspec(nothrow)
D:\Study University\Grade_3\3_fall\编译原理\Lab\Decaf\parser.h(48,33): warning C4290: 忽略 C++ 异常规范，但指示函数不是 __declspec(nothrow)
D:\Study University\Grade_3\3_fall\编译原理\Lab\Decaf\parser.h(57,32): warning C4290: 忽略 C++ 异常规范，但指示函数不是 __declspec(nothrow)
D:\Study University\Grade_3\3_fall\编译原理\Lab\Decaf\parser.h(65,32): warning C4290: 忽略 C++ 异常规范，但指示函数不是 __declspec(nothrow)
D:\Study University\Grade_3\3_fall\编译原理\Lab\Decaf\parser.h(72,39): warning C4290: 忽略 C++ 异常规范，但指示函数不是 __declspec(nothrow)
D:\Study University\Grade_3\3_fall\编译原理\Lab\Decaf\parser.h(79,33): warning C4290: 忽略 C++ 异常规范，但指示函数不是 __declspec(nothrow)
D:\Study University\Grade_3\3_fall\编译原理\Lab\Decaf\parser.h(89,33): warning C4290: 忽略 C++ 异常规范，但指示函数不是 __declspec(nothrow)
D:\Study University\Grade_3\3_fall\编译原理\Lab\Decaf\parser.h(169,34): warning C4290: 忽略 C++ 异常规范，但指示函数不是 __declspec(nothrow)
D:\Study University\Grade_3\3_fall\编译原理\Lab\Decaf\parser.h(187,34): warning C4290: 忽略 C++ 异常规范，但指示函数不是 __declspec(nothrow)
D:\Study University\Grade_3\3_fall\编译原理\Lab\Decaf\parser.h(195,32): warning C4290: 忽略 C++ 异常规范，但指示函数不是 __declspec(nothrow)
D:\Study University\Grade_3\3_fall\编译原理\Lab\Decaf\parser.h(203,36): warning C4290: 忽略 C++ 异常规范，但指示函数不是 __declspec(nothrow)
D:\Study University\Grade_3\3_fall\编译原理\Lab\Decaf\parser.h(212,31): warning C4290: 忽略 C++ 异常规范，但指示函数不是 __declspec(nothrow)
D:\Study University\Grade_3\3_fall\编译原理\Lab\Decaf\parser.h(244,32): warning C4290: 忽略 C++ 异常规范，但指示函数不是 __declspec(nothrow)
D:\Study University\Grade_3\3_fall\编译原理\Lab\Decaf\parser.h(252,32): warning C4290: 忽略 C++ 异常规范，但指示函数不是 __declspec(nothrow)
D:\Study University\Grade_3\3_fall\编译原理\Lab\Decaf\parser.h(260,33): warning C4290: 忽略 C++ 异常规范，但指示函数不是 __declspec(nothrow)
D:\Study University\Grade_3\3_fall\编译原理\Lab\Decaf\parser.h(270,34): warning C4290: 忽略 C++ 异常规范，但指示函数不是 __declspec(nothrow)
D:\Study University\Grade_3\3_fall\编译原理\Lab\Decaf\parser.h(299,41): warning C4290: 忽略 C++ 异常规范，但指示函数不是 __declspec(nothrow)
  Decaf.vcxproj -> D:\Study University\Grade_3\3_fall\编译原理\Lab\Decaf\Debug\Decaf.exe
